Vivado Simulator v2023.1
Copyright 1986-2022 Xilinx, Inc. All Rights Reserved.
Copyright 2022-2023 Advanced Micro Devices, Inc. All Rights Reserved.
Running: /tools/Xilinx/Vivado/2023.1/bin/unwrapped/lnx64.o/xelab --incr --debug typical --relax --mt 8 -L xil_defaultlib -L secureip --snapshot arbiter5_tb_behav xil_defaultlib.arbiter5_tb -log elaborate.log 
Using 8 slave threads.
Starting static elaboration
Completed static elaboration
Starting simulation data flow analysis
Completed simulation data flow analysis
Time Resolution for simulation is 1ps
Compiling package std.standard
Compiling package std.textio
Compiling package ieee.std_logic_1164
Compiling package xil_defaultlib.defs
Compiling package ieee.numeric_std
Compiling architecture impl of entity xil_defaultlib.mutex [mutex_default]
Compiling architecture impl of entity xil_defaultlib.rgd_mutex [rgd_mutex_default]
Compiling architecture behavioral of entity xil_defaultlib.merge [merge_default]
Compiling architecture impl of entity xil_defaultlib.arbiter [arbiter_default]
Compiling architecture behavioral of entity xil_defaultlib.click_element [click_element_default]
Compiling architecture behavioral of entity xil_defaultlib.arbiter5 [arbiter5_default]
Compiling architecture tb of entity xil_defaultlib.arbiter5_tb
Built simulation snapshot arbiter5_tb_behav
