
*** Running vivado
    with args -log router_mesh_top.vds -m64 -product Vivado -mode batch -messageDb vivado.pb -notrace -source router_mesh_top.tcl


****** Vivado v2023.1 (64-bit)
  **** SW Build 3865809 on Sun May  7 15:04:56 MDT 2023
  **** IP Build 3864474 on Sun May  7 20:36:21 MDT 2023
  **** SharedData Build 3865790 on Sun May 07 13:33:03 MDT 2023
    ** Copyright 1986-2022 Xilinx, Inc. All Rights Reserved.
    ** Copyright 2022-2023 Advanced Micro Devices, Inc. All Rights Reserved.

source router_mesh_top.tcl -notrace
Command: synth_design -top router_mesh_top -part xc7a100tcsg324-1
Starting synth_design
Attempting to get a license for feature 'Synthesis' and/or device 'xc7a100t'
INFO: [Common 17-349] Got license for feature 'Synthesis' and/or device 'xc7a100t'
INFO: [Synth 8-7079] Multithreading enabled for synth_design using a maximum of 4 processes.
INFO: [Synth 8-7078] Launching helper process for spawning children vivado processes
INFO: [Synth 8-7075] Helper process launched with PID 453990
---------------------------------------------------------------------------------
Starting Synthesize : Time (s): cpu = 00:00:03 ; elapsed = 00:00:03 . Memory (MB): peak = 1685.254 ; gain = 349.832 ; free physical = 409 ; free virtual = 16317
---------------------------------------------------------------------------------
ERROR: [Synth 8-9704] library 'std' is mapped to '/tools/Xilinx/Vivado/2023.1/scripts/rt/data/vhdl/latest_verific_pkgs/1993/vdbs/std' [/home/mar/DTU/das-24/das-router/das-router-hw/das-router-hw.srcs/sources_1/new/demux3.vhd:149]
ERROR: [Synth 8-4169] error in use clause: package 'env' not found in library 'std' [/home/mar/DTU/das-24/das-router/das-router-hw/das-router-hw.srcs/sources_1/new/demux3.vhd:149]
INFO: [Synth 8-11252] unit 'demux3_tb' is ignored due to previous errors [/home/mar/DTU/das-24/das-router/das-router-hw/das-router-hw.srcs/sources_1/new/demux3.vhd:152]
INFO: [Synth 8-10443] VHDL file '/home/mar/DTU/das-24/das-router/das-router-hw/das-router-hw.srcs/sources_1/new/demux3.vhd' is ignored due to errors
---------------------------------------------------------------------------------
Finished Synthesize : Time (s): cpu = 00:00:03 ; elapsed = 00:00:04 . Memory (MB): peak = 1748.223 ; gain = 412.801 ; free physical = 327 ; free virtual = 16235
---------------------------------------------------------------------------------
synthesize failed
INFO: [Common 17-83] Releasing license: Synthesis
7 Infos, 0 Warnings, 0 Critical Warnings and 3 Errors encountered.
synth_design failed
ERROR: [Common 17-69] Command failed: Vivado Synthesis failed
INFO: [Common 17-206] Exiting Vivado at Wed May 22 11:42:35 2024...
